2020-08-17 15:24:19,216 - root - INFO - 第1次查看5273dfbc-ba21-43ad-a883-98a9f7aa70ec是否enabled
2020-08-17 15:24:19,291 - root - INFO - 进入身份证打印界面
2020-08-17 15:24:19,293 - root - INFO - 尝试第1次点击身份证打印 ,id：com.mi.print:id/id_card_print，如有Error请忽略
2020-08-17 15:24:30,885 - root - ERROR - 查找元素失败，元素类型：id，元素属性:com.mi.print:id/id_card_print，失败原因：Message: 

2020-08-17 15:24:32,049 - root - INFO - 尝试第2次点击身份证打印 ,id：com.mi.print:id/id_card_print，如有Error请忽略
2020-08-17 15:24:43,968 - root - ERROR - 查找元素失败，元素类型：id，元素属性:com.mi.print:id/id_card_print，失败原因：Message: 

2020-08-17 15:24:45,077 - root - INFO - 尝试第3次点击身份证打印 ,id：com.mi.print:id/id_card_print，如有Error请忽略
2020-08-17 15:24:56,955 - root - ERROR - 查找元素失败，元素类型：id，元素属性:com.mi.print:id/id_card_print，失败原因：Message: 

2020-08-17 15:24:58,259 - root - INFO - 身份证打印界面的标题为：小米米家喷墨打印一体机
2020-08-17 15:24:58,855 - root - INFO - 进入文档打印
2020-08-17 15:24:58,857 - root - INFO - docPrint_id = com.mi.print:id/printer_print_document, docPrint_page_title = 文档打印, docPrint_page_title_id = com.mi.print:id/title_bar_title
2020-08-17 15:25:10,839 - root - ERROR - 查找元素失败，元素类型：id，元素属性:com.mi.print:id/printer_print_document，失败原因：Message: 

2020-08-17 15:25:10,840 - root - INFO - 进入FAQ界面
2020-08-17 15:25:10,841 - root - INFO - 尝试第1次点击帮助中心,id：com.mi.print:id/printer_faq，如有Error请忽略
2020-08-17 15:25:22,546 - root - ERROR - 查找元素失败，元素类型：id，元素属性:com.mi.print:id/printer_faq，失败原因：Message: 

2020-08-17 15:25:23,743 - root - INFO - 尝试第2次点击帮助中心,id：com.mi.print:id/printer_faq，如有Error请忽略
2020-08-17 15:25:35,413 - root - ERROR - 查找元素失败，元素类型：id，元素属性:com.mi.print:id/printer_faq，失败原因：Message: 

2020-08-17 15:25:36,458 - root - INFO - 尝试第3次点击帮助中心,id：com.mi.print:id/printer_faq，如有Error请忽略
2020-08-17 15:25:48,266 - root - ERROR - 查找元素失败，元素类型：id，元素属性:com.mi.print:id/printer_faq，失败原因：Message: 

2020-08-17 15:25:50,192 - root - INFO - 身份证打印界面的标题为：小米米家喷墨打印一体机
2020-08-17 15:25:50,908 - root - INFO - 进入墨水购买界面
2020-08-17 15:25:50,910 - root - INFO - 尝试第1次点击帮助中心,id：com.mi.print:id/printer_cartridge，如有Error请忽略
2020-08-17 15:26:03,358 - root - ERROR - 查找元素失败，元素类型：id，元素属性:com.mi.print:id/printer_cartridge，失败原因：Message: 

2020-08-17 15:26:04,506 - root - INFO - 尝试第2次点击帮助中心,id：com.mi.print:id/printer_cartridge，如有Error请忽略
2020-08-17 15:26:16,217 - root - ERROR - 查找元素失败，元素类型：id，元素属性:com.mi.print:id/printer_cartridge，失败原因：Message: 

2020-08-17 15:26:17,312 - root - INFO - 尝试第3次点击帮助中心,id：com.mi.print:id/printer_cartridge，如有Error请忽略
2020-08-17 15:26:38,367 - root - INFO - 身份证打印界面的标题为：小米米家喷墨打印一体机
2020-08-17 15:26:39,022 - root - INFO - 进入我的打印机界面
2020-08-17 15:26:39,024 - root - INFO - myPrinter_id = com.mi.print:id/title_bar_return, myPrinter_title = 我的打印机, myPrinter_title_id = com.mi.print:id/title_bar_title
2020-08-17 15:26:51,376 - root - ERROR - 查找元素失败，元素类型：id，元素属性:com.mi.print:id/title_bar_return，失败原因：Message: 

2020-08-17 15:26:51,377 - root - INFO - 点击购买纸张
2020-08-17 15:26:51,379 - root - INFO - 尝试第1次点击身份证打印 ,id：com.mi.print:id/printer_paper，如有Error请忽略
2020-08-17 15:27:03,570 - root - ERROR - 查找元素失败，元素类型：id，元素属性:com.mi.print:id/printer_paper，失败原因：Message: 

2020-08-17 15:27:04,729 - root - INFO - 尝试第2次点击身份证打印 ,id：com.mi.print:id/printer_paper，如有Error请忽略
2020-08-17 15:27:16,313 - root - ERROR - 查找元素失败，元素类型：id，元素属性:com.mi.print:id/printer_paper，失败原因：Message: 

2020-08-17 15:27:17,440 - root - INFO - 尝试第3次点击身份证打印 ,id：com.mi.print:id/printer_paper，如有Error请忽略
2020-08-17 15:27:19,400 - root - INFO - 进入照片打印界面
2020-08-17 15:27:31,134 - root - ERROR - 查找元素失败，元素类型：id，元素属性:com.mi.print:id/photo_print，失败原因：Message: 

2020-08-17 15:27:31,136 - root - INFO - 进入扫描界面
2020-08-17 15:27:42,418 - root - ERROR - 查找元素失败，元素类型：id，元素属性:com.mi.print:id/printer_make_photo_save，失败原因：Message: 

2020-08-17 15:27:42,420 - root - INFO - 进入设置界面
2020-08-17 15:27:43,981 - root - INFO - 进入证件照打印界面
2020-08-17 15:27:43,983 - root - INFO - 尝试第1次点击证件照打印 ,id：com.mi.print:id/cretential_photo_print，如有Error请忽略
2020-08-17 15:27:50,607 - root - INFO - 身份证打印界面的标题为：小米米家喷墨打印一体机
