2020-08-17 16:43:13,010 - root - INFO - 第1次查看681624ca-eef2-48f7-b7fc-a047c07c2fc1是否enabled
2020-08-17 16:43:13,073 - root - INFO - 进入我的打印机界面
2020-08-17 16:43:13,075 - root - INFO - myPrinter_id = com.mi.print:id/title_bar_return, myPrinter_title = 我的打印机, myPrinter_title_id = com.mi.print:id/title_bar_title
2020-08-17 16:43:14,497 - root - INFO - myPrinter_title_text = 我的打印机
2020-08-17 16:43:15,348 - root - INFO - 进入设置界面
2020-08-17 16:43:17,548 - root - INFO - 进入文档打印
2020-08-17 16:43:17,550 - root - INFO - docPrint_id = com.mi.print:id/printer_print_document, docPrint_page_title = 文档打印, docPrint_page_title_id = com.mi.print:id/title_bar_title
2020-08-17 16:43:19,173 - root - INFO - docPrint_page_title_text = 文档打印
2020-08-17 16:43:19,747 - root - INFO - 进入照片打印界面
2020-08-17 16:43:21,616 - root - INFO - 照片打印尺寸， 6寸, A4
2020-08-17 16:43:23,403 - root - INFO - 照片选择页面标题为：照片, 相册
2020-08-17 16:43:24,121 - root - INFO - 进入扫描界面
2020-08-17 16:43:26,035 - root - INFO - 扫描界面的标题为：扫描
2020-08-17 16:43:26,638 - root - INFO - 进入身份证打印界面
2020-08-17 16:43:26,640 - root - INFO - 尝试第1次点击身份证打印 ,id：com.mi.print:id/id_card_print，如有Error请忽略
2020-08-17 16:43:38,655 - root - ERROR - 查找元素失败，元素类型：id，元素属性:com.mi.print:id/id_card_print，失败原因：Message: 

2020-08-17 16:43:39,752 - root - INFO - 尝试第2次点击身份证打印 ,id：com.mi.print:id/id_card_print，如有Error请忽略
2020-08-17 16:43:51,618 - root - ERROR - 查找元素失败，元素类型：id，元素属性:com.mi.print:id/id_card_print，失败原因：Message: 

2020-08-17 16:43:52,699 - root - INFO - 尝试第3次点击身份证打印 ,id：com.mi.print:id/id_card_print，如有Error请忽略
2020-08-17 16:44:04,679 - root - ERROR - 查找元素失败，元素类型：id，元素属性:com.mi.print:id/id_card_print，失败原因：Message: 

2020-08-17 16:44:06,400 - root - INFO - 身份证打印界面的标题为：小米米家喷墨打印一体机
2020-08-17 16:44:07,015 - root - INFO - 进入证件照打印界面
2020-08-17 16:44:07,017 - root - INFO - 尝试第1次点击证件照打印 ,id：com.mi.print:id/cretential_photo_print，如有Error请忽略
2020-08-17 16:44:18,276 - root - ERROR - 查找元素失败，元素类型：id，元素属性:com.mi.print:id/cretential_photo_print，失败原因：Message: 

2020-08-17 16:44:19,466 - root - INFO - 尝试第2次点击证件照打印 ,id：com.mi.print:id/cretential_photo_print，如有Error请忽略
2020-08-17 16:44:30,915 - root - ERROR - 查找元素失败，元素类型：id，元素属性:com.mi.print:id/cretential_photo_print，失败原因：Message: 

2020-08-17 16:44:31,972 - root - INFO - 尝试第3次点击证件照打印 ,id：com.mi.print:id/cretential_photo_print，如有Error请忽略
2020-08-17 16:44:43,835 - root - ERROR - 查找元素失败，元素类型：id，元素属性:com.mi.print:id/cretential_photo_print，失败原因：Message: 

2020-08-17 16:44:45,408 - root - INFO - 身份证打印界面的标题为：小米米家喷墨打印一体机
2020-08-17 16:44:46,052 - root - INFO - 进入FAQ界面
2020-08-17 16:44:46,054 - root - INFO - 尝试第1次点击帮助中心,id：com.mi.print:id/printer_faq，如有Error请忽略
2020-08-17 16:44:57,513 - root - ERROR - 查找元素失败，元素类型：id，元素属性:com.mi.print:id/printer_faq，失败原因：Message: 

2020-08-17 16:44:58,668 - root - INFO - 尝试第2次点击帮助中心,id：com.mi.print:id/printer_faq，如有Error请忽略
2020-08-17 16:45:11,137 - root - INFO - 身份证打印界面的标题为：常见问题
2020-08-17 16:45:11,779 - root - INFO - 进入墨水购买界面
2020-08-17 16:45:11,780 - root - INFO - 尝试第1次点击帮助中心,id：com.mi.print:id/printer_cartridge，如有Error请忽略
2020-08-17 16:45:33,216 - root - INFO - 身份证打印界面的标题为：小米米家喷墨打印一体机墨盒
2020-08-17 16:45:33,836 - root - INFO - 点击购买纸张
2020-08-17 16:45:33,838 - root - INFO - 尝试第1次点击身份证打印 ,id：com.mi.print:id/printer_paper，如有Error请忽略
